#
# A fatal error has been detected by the Java Runtime Environment:
#
#  EXCEPTION_ACCESS_VIOLATION (0xc0000005) at pc=0x00007ffc1c358aa1, pid=17424, tid=12888
#
# JRE version: Java(TM) SE Runtime Environment 18.9 (11.0.9+7) (build 11.0.9+7-LTS)
# Java VM: Java HotSpot(TM) 64-Bit Server VM 18.9 (11.0.9+7-LTS, mixed mode, tiered, compressed oops, g1 gc, windows-amd64)
# Problematic frame:
# V  [jvm.dll+0x188aa1]
#
# No core dump will be written. Minidumps are not enabled by default on client versions of Windows
#
# If you would like to submit a bug report, please visit:
#   https://bugreport.java.com/bugreport/crash.jsp
#

---------------  S U M M A R Y ------------

Command Line: -agentlib:jdwp=transport=dt_socket,address=127.0.0.1:63549,suspend=y,server=n -javaagent:C:\Users\HP\AppData\Local\JetBrains\IdeaIC2022.1\captureAgent\debugger-agent.jar -Dfile.encoding=UTF-8 com.baanBaini.BaanBaini.BaanBainiApplication

Host: Intel(R) Core(TM) i5-8250U CPU @ 1.60GHz, 8 cores, 15G,  Windows 10 , 64 bit Build 22000 (10.0.22000.708)
Time: Thu Jul  7 20:26:18 2022 India Standard Time elapsed time: 1.598978 seconds (0d 0h 0m 1s)

---------------  T H R E A D  ---------------

Current thread (0x00000269876e3800):  GCTaskThread "GC Thread#2" [stack: 0x000000f1ad500000,0x000000f1ad600000] [id=12888]

Stack: [0x000000f1ad500000,0x000000f1ad600000],  sp=0x000000f1ad5fef28,  free space=1019k
Native frames: (J=compiled Java code, j=interpreted, Vv=VM code, C=native code)
V  [jvm.dll+0x188aa1]


siginfo: EXCEPTION_ACCESS_VIOLATION (0xc0000005), reading address 0x000000000000c110


Register to memory mapping:

RIP=0x00007ffc1c358aa1 jvm.dll
RAX=0x000000000000c000 is an unknown value
RBX=0x000000070e521a9c is pointing into object: java.lang.invoke.MemberName 
{0x000000070e521a80} - klass: 'java/lang/invoke/MemberName'
RCX=0x0000000800000000 is pointing into metadata
RDX=0x00000007105a7410 is pointing into object: jdk.internal.org.objectweb.asm.Item 
{0x00000007105a73f0} - klass: 'jdk/internal/org/objectweb/asm/Item'
RSP=0x000000f1ad5fef28 points into unknown readable memory: 0e 8a 4c 1c fc 7f 00 00
RBP=0x00000269876ac960 points into unknown readable memory: e8 fa a1 1c fc 7f 00 00
RSI=0x00000269876ac960 points into unknown readable memory: e8 fa a1 1c fc 7f 00 00
RDI=0x0000000000000001 is an unknown value
R8 =0x0 is NULL
R9 =0x0000000800000000 is pointing into metadata
R10=0x000000070e521a98 is pointing into object: java.lang.invoke.MemberName 
{0x000000070e521a80} - klass: 'java/lang/invoke/MemberName'
R11=0x00000269876acad0 points into unknown readable memory: a0 fa a1 1c fc 7f 00 00
R12=0x0 is NULL
R13=0x000000f1ad5ff218 points into unknown readable memory: 80 04 a2 1c fc 7f 00 00
R14=0x00000007105a7410 is pointing into object: jdk.internal.org.objectweb.asm.Item 
{0x00000007105a73f0} - klass: 'jdk/internal/org/objectweb/asm/Item'
R15=0xe1fa4f1534c4dd30 is an unknown value


Registers:
RAX=0x000000000000c000, RBX=0x000000070e521a9c, RCX=0x0000000800000000, RDX=0x00000007105a7410
RSP=0x000000f1ad5fef28, RBP=0x00000269876ac960, RSI=0x00000269876ac960, RDI=0x0000000000000001
R8 =0x0000000000000000, R9 =0x0000000800000000, R10=0x000000070e521a98, R11=0x00000269876acad0
R12=0x0000000000000000, R13=0x000000f1ad5ff218, R14=0x00000007105a7410, R15=0xe1fa4f1534c4dd30
RIP=0x00007ffc1c358aa1, EFLAGS=0x0000000000010246

Top of Stack: (sp=0x000000f1ad5fef28)
0x000000f1ad5fef28:   00007ffc1c4c8a0e 000000070e521a01
0x000000f1ad5fef38:   00000269876ac960 000000070e521a80
0x000000f1ad5fef48:   00000000000004f3 00000269000004f3
0x000000f1ad5fef58:   000000f1ad5ff218 000000130e911430
0x000000f1ad5fef68:   00007ffc1c4a30a8 00000269876ac960
0x000000f1ad5fef78:   0000000000000040 00000269e2379408
0x000000f1ad5fef88:   000000f1ad5ff218 0000000000000000
0x000000f1ad5fef98:   00000269e2379400 0000000000000100
0x000000f1ad5fefa8:   00007ffc1c4c735d 00000269876ac960
0x000000f1ad5fefb8:   00000269e2379408 000000000000000d
0x000000f1ad5fefc8:   000000070e521a9c 0000000000000000
0x000000f1ad5fefd8:   000000070e521a9d 000000f1ad5ff070
0x000000f1ad5fefe8:   00007ffc1c4cf7f0 00000007017f3da8
0x000000f1ad5feff8:   00007ffc1c4d77ad 0000000000000100
0x000000f1ad5ff008:   0000000000000001 000000f1ad5ff1f0
0x000000f1ad5ff018:   0000000000000000 0000000000000000 

Instructions: (pc=0x00007ffc1c358aa1)
0x00007ffc1c358a81:   10 0f b6 c1 49 8d 0c 11 49 f7 d1 48 03 c1 49 c1
0x00007ffc1c358a91:   e9 03 48 c1 e8 03 41 23 c1 c3 49 8b 01 49 8b c9
0x00007ffc1c358aa1:   48 ff a0 10 01 00 00 cc cc cc cc cc cc cc cc 48
0x00007ffc1c358ab1:   8b c2 c3 cc cc cc cc cc cc cc cc cc cc cc cc 48 


Stack slot to memory mapping:
stack at sp + 0 slots: 0x00007ffc1c4c8a0e jvm.dll
stack at sp + 1 slots: 0x000000070e521a01 is pointing into object: [B 
{0x000000070e5219e0} - klass: {type array byte}
 - length: 22
stack at sp + 2 slots: 0x00000269876ac960 points into unknown readable memory: e8 fa a1 1c fc 7f 00 00
stack at sp + 3 slots: 0x000000070e521a80 is an oop: java.lang.invoke.MemberName 
{0x000000070e521a80} - klass: 'java/lang/invoke/MemberName'
stack at sp + 4 slots: 0x00000000000004f3 is an unknown value
stack at sp + 5 slots: 0x00000269000004f3 is an unknown value
stack at sp + 6 slots: 0x000000f1ad5ff218 points into unknown readable memory: 80 04 a2 1c fc 7f 00 00
stack at sp + 7 slots: 0x000000130e911430 is an unknown value


---------------  P R O C E S S  ---------------

Threads class SMR info:
_java_thread_list=0x00000269879dd6d0, length=15, elements={
0x00000269e2383000, 0x00000269ffe4e800, 0x00000269ffe57800, 0x00000269ffe6a800,
0x00000269ffe6d800, 0x0000026986896800, 0x000002698689b000, 0x00000269868a5800,
0x00000269868a4800, 0x0000026986a31000, 0x0000026986b45000, 0x0000026986b46000,
0x0000026986c29000, 0x00000269868a3800, 0x00000269868a6000
}

Java Threads: ( => current thread )
  0x00000269e2383000 JavaThread "main" [_thread_blocked, id=15744, stack(0x000000f1abf00000,0x000000f1ac000000)]
  0x00000269ffe4e800 JavaThread "Reference Handler" daemon [_thread_blocked, id=14524, stack(0x000000f1ac600000,0x000000f1ac700000)]
  0x00000269ffe57800 JavaThread "Finalizer" daemon [_thread_blocked, id=7724, stack(0x000000f1ac700000,0x000000f1ac800000)]
  0x00000269ffe6a800 JavaThread "Signal Dispatcher" daemon [_thread_blocked, id=9976, stack(0x000000f1ac800000,0x000000f1ac900000)]
  0x00000269ffe6d800 JavaThread "Attach Listener" daemon [_thread_blocked, id=3116, stack(0x000000f1ac900000,0x000000f1aca00000)]
  0x0000026986896800 JavaThread "C2 CompilerThread0" daemon [_thread_blocked, id=13912, stack(0x000000f1aca00000,0x000000f1acb00000)]
  0x000002698689b000 JavaThread "C1 CompilerThread0" daemon [_thread_blocked, id=16832, stack(0x000000f1acb00000,0x000000f1acc00000)]
  0x00000269868a5800 JavaThread "Sweeper thread" daemon [_thread_blocked, id=3156, stack(0x000000f1acc00000,0x000000f1acd00000)]
  0x00000269868a4800 JavaThread "Common-Cleaner" daemon [_thread_blocked, id=10716, stack(0x000000f1acd00000,0x000000f1ace00000)]
  0x0000026986a31000 JavaThread "C2 CompilerThread1" daemon [_thread_blocked, id=14740, stack(0x000000f1ace00000,0x000000f1acf00000)]
  0x0000026986b45000 JavaThread "JDWP Transport Listener: dt_socket" daemon [_thread_blocked, id=10984, stack(0x000000f1acf00000,0x000000f1ad000000)]
  0x0000026986b46000 JavaThread "JDWP Event Helper Thread" daemon [_thread_blocked, id=9760, stack(0x000000f1ad000000,0x000000f1ad100000)]
  0x0000026986c29000 JavaThread "JDWP Command Reader" daemon [_thread_in_native, id=3100, stack(0x000000f1ad100000,0x000000f1ad200000)]
  0x00000269868a3800 JavaThread "Service Thread" daemon [_thread_blocked, id=3284, stack(0x000000f1ad200000,0x000000f1ad300000)]
  0x00000269868a6000 JavaThread "background-preinit" [_thread_blocked, id=17484, stack(0x000000f1ad900000,0x000000f1ada00000)]

Other Threads:
  0x00000269ffe4c800 VMThread "VM Thread" [stack: 0x000000f1ac500000,0x000000f1ac600000] [id=11164]
  0x0000026986b75000 WatcherThread [stack: 0x000000f1ad300000,0x000000f1ad400000] [id=5664]
  0x00000269e2398800 GCTaskThread "GC Thread#0" [stack: 0x000000f1ac000000,0x000000f1ac100000] [id=9540]
  0x0000026987624000 GCTaskThread "GC Thread#1" [stack: 0x000000f1ad400000,0x000000f1ad500000] [id=7156]
=>0x00000269876e3800 GCTaskThread "GC Thread#2" [stack: 0x000000f1ad500000,0x000000f1ad600000] [id=12888]
  0x000002698762f800 GCTaskThread "GC Thread#3" [stack: 0x000000f1ad600000,0x000000f1ad700000] [id=9600]
  0x000002698764c800 GCTaskThread "GC Thread#4" [stack: 0x000000f1ad700000,0x000000f1ad800000] [id=2080]
  0x000002698769d800 GCTaskThread "GC Thread#5" [stack: 0x000000f1ad800000,0x000000f1ad900000] [id=10560]
  0x00000269e23f6000 ConcurrentGCThread "G1 Main Marker" [stack: 0x000000f1ac100000,0x000000f1ac200000] [id=15768]
  0x00000269e23f7000 ConcurrentGCThread "G1 Conc#0" [stack: 0x000000f1ac200000,0x000000f1ac300000] [id=7504]
  0x00000269ffd32000 ConcurrentGCThread "G1 Refine#0" [stack: 0x000000f1ac300000,0x000000f1ac400000] [id=4148]
  0x00000269ffd33000 ConcurrentGCThread "G1 Young RemSet Sampling" [stack: 0x000000f1ac400000,0x000000f1ac500000] [id=12448]

Threads with active compile tasks:
C2 CompilerThread0   1665 1542       4       jdk.internal.org.objectweb.asm.Frame::execute (2264 bytes)
C1 CompilerThread0   1666 1712       3       java.util.concurrent.locks.ReentrantLock$Sync::nonfairTryAcquire (67 bytes)
C2 CompilerThread1   1666 1684       4       java.io.DataOutputStream::writeShort (35 bytes)

VM state:at safepoint (normal execution)

VM Mutex/Monitor currently owned by a thread:  ([mutex/lock_event])
[0x00000269e237fa90] Threads_lock - owner thread: 0x00000269ffe4c800
[0x00000269e237ebf0] Heap_lock - owner thread: 0x00000269e2383000

Heap address: 0x0000000701600000, size: 4074 MB, Compressed Oops mode: Zero based, Oop shift amount: 3
Narrow klass base: 0x0000000800000000, Narrow klass shift: 0
Compressed class space size: 1073741824 Address: 0x0000000800000000

Heap:
 garbage-first heap   total 262144K, used 46647K [0x0000000701600000, 0x0000000800000000)
  region size 1024K, 47 young (48128K), 6 survivors (6144K)
 Metaspace       used 20734K, capacity 21176K, committed 21296K, reserved 1069056K
  class space    used 2210K, capacity 2409K, committed 2432K, reserved 1048576K
Heap Regions: E=young(eden), S=young(survivor), O=old, HS=humongous(starts), HC=humongous(continues), CS=collection set, F=free, A=archive, TAMS=top-at-mark-start (previous, next)
|   0|0x0000000701600000, 0x0000000701700000, 0x0000000701700000|100%| O|  |TAMS 0x0000000701600000, 0x0000000701700000| Untracked 
|   1|0x0000000701700000, 0x0000000701800000, 0x0000000701800000|100%| O|  |TAMS 0x0000000701700000, 0x0000000701800000| Untracked 
|   2|0x0000000701800000, 0x000000070180c000, 0x0000000701900000|  4%| O|  |TAMS 0x0000000701800000, 0x0000000701900000| Untracked 
|   3|0x0000000701900000, 0x0000000701900000, 0x0000000701a00000|  0%| F|  |TAMS 0x0000000701900000, 0x0000000701900000| Untracked 
|   4|0x0000000701a00000, 0x0000000701a00000, 0x0000000701b00000|  0%| F|  |TAMS 0x0000000701a00000, 0x0000000701a00000| Untracked 
|   5|0x0000000701b00000, 0x0000000701b00000, 0x0000000701c00000|  0%| F|  |TAMS 0x0000000701b00000, 0x0000000701b00000| Untracked 
|   6|0x0000000701c00000, 0x0000000701c00000, 0x0000000701d00000|  0%| F|  |TAMS 0x0000000701c00000, 0x0000000701c00000| Untracked 
|   7|0x0000000701d00000, 0x0000000701d00000, 0x0000000701e00000|  0%| F|  |TAMS 0x0000000701d00000, 0x0000000701d00000| Untracked 
|   8|0x0000000701e00000, 0x0000000701e00000, 0x0000000701f00000|  0%| F|  |TAMS 0x0000000701e00000, 0x0000000701e00000| Untracked 
|   9|0x0000000701f00000, 0x0000000701f00000, 0x0000000702000000|  0%| F|  |TAMS 0x0000000701f00000, 0x0000000701f00000| Untracked 
|  10|0x0000000702000000, 0x0000000702000000, 0x0000000702100000|  0%| F|  |TAMS 0x0000000702000000, 0x0000000702000000| Untracked 
|  11|0x0000000702100000, 0x0000000702100000, 0x0000000702200000|  0%| F|  |TAMS 0x0000000702100000, 0x0000000702100000| Untracked 
|  12|0x0000000702200000, 0x0000000702200000, 0x0000000702300000|  0%| F|  |TAMS 0x0000000702200000, 0x0000000702200000| Untracked 
|  13|0x0000000702300000, 0x0000000702300000, 0x0000000702400000|  0%| F|  |TAMS 0x0000000702300000, 0x0000000702300000| Untracked 
|  14|0x0000000702400000, 0x0000000702400000, 0x0000000702500000|  0%| F|  |TAMS 0x0000000702400000, 0x0000000702400000| Untracked 
|  15|0x0000000702500000, 0x0000000702500000, 0x0000000702600000|  0%| F|  |TAMS 0x0000000702500000, 0x0000000702500000| Untracked 
|  16|0x0000000702600000, 0x0000000702600000, 0x0000000702700000|  0%| F|  |TAMS 0x0000000702600000, 0x0000000702600000| Untracked 
|  17|0x0000000702700000, 0x0000000702700000, 0x0000000702800000|  0%| F|  |TAMS 0x0000000702700000, 0x0000000702700000| Untracked 
|  18|0x0000000702800000, 0x0000000702800000, 0x0000000702900000|  0%| F|  |TAMS 0x0000000702800000, 0x0000000702800000| Untracked 
|  19|0x0000000702900000, 0x0000000702900000, 0x0000000702a00000|  0%| F|  |TAMS 0x0000000702900000, 0x0000000702900000| Untracked 
|  20|0x0000000702a00000, 0x0000000702a00000, 0x0000000702b00000|  0%| F|  |TAMS 0x0000000702a00000, 0x0000000702a00000| Untracked 
|  21|0x0000000702b00000, 0x0000000702b00000, 0x0000000702c00000|  0%| F|  |TAMS 0x0000000702b00000, 0x0000000702b00000| Untracked 
|  22|0x0000000702c00000, 0x0000000702c00000, 0x0000000702d00000|  0%| F|  |TAMS 0x0000000702c00000, 0x0000000702c00000| Untracked 
|  23|0x0000000702d00000, 0x0000000702d00000, 0x0000000702e00000|  0%| F|  |TAMS 0x0000000702d00000, 0x0000000702d00000| Untracked 
|  24|0x0000000702e00000, 0x0000000702e00000, 0x0000000702f00000|  0%| F|  |TAMS 0x0000000702e00000, 0x0000000702e00000| Untracked 
|  25|0x0000000702f00000, 0x0000000702f00000, 0x0000000703000000|  0%| F|  |TAMS 0x0000000702f00000, 0x0000000702f00000| Untracked 
|  26|0x0000000703000000, 0x0000000703000000, 0x0000000703100000|  0%| F|  |TAMS 0x0000000703000000, 0x0000000703000000| Untracked 
|  27|0x0000000703100000, 0x0000000703100000, 0x0000000703200000|  0%| F|  |TAMS 0x0000000703100000, 0x0000000703100000| Untracked 
|  28|0x0000000703200000, 0x0000000703200000, 0x0000000703300000|  0%| F|  |TAMS 0x0000000703200000, 0x0000000703200000| Untracked 
|  29|0x0000000703300000, 0x0000000703300000, 0x0000000703400000|  0%| F|  |TAMS 0x0000000703300000, 0x0000000703300000| Untracked 
|  30|0x0000000703400000, 0x0000000703400000, 0x0000000703500000|  0%| F|  |TAMS 0x0000000703400000, 0x0000000703400000| Untracked 
|  31|0x0000000703500000, 0x0000000703500000, 0x0000000703600000|  0%| F|  |TAMS 0x0000000703500000, 0x0000000703500000| Untracked 
|  32|0x0000000703600000, 0x0000000703600000, 0x0000000703700000|  0%| F|  |TAMS 0x0000000703600000, 0x0000000703600000| Untracked 
|  33|0x0000000703700000, 0x0000000703700000, 0x0000000703800000|  0%| F|  |TAMS 0x0000000703700000, 0x0000000703700000| Untracked 
|  34|0x0000000703800000, 0x0000000703800000, 0x0000000703900000|  0%| F|  |TAMS 0x0000000703800000, 0x0000000703800000| Untracked 
|  35|0x0000000703900000, 0x0000000703900000, 0x0000000703a00000|  0%| F|  |TAMS 0x0000000703900000, 0x0000000703900000| Untracked 
|  36|0x0000000703a00000, 0x0000000703a00000, 0x0000000703b00000|  0%| F|  |TAMS 0x0000000703a00000, 0x0000000703a00000| Untracked 
|  37|0x0000000703b00000, 0x0000000703b00000, 0x0000000703c00000|  0%| F|  |TAMS 0x0000000703b00000, 0x0000000703b00000| Untracked 
|  38|0x0000000703c00000, 0x0000000703c00000, 0x0000000703d00000|  0%| F|  |TAMS 0x0000000703c00000, 0x0000000703c00000| Untracked 
|  39|0x0000000703d00000, 0x0000000703d00000, 0x0000000703e00000|  0%| F|  |TAMS 0x0000000703d00000, 0x0000000703d00000| Untracked 
|  40|0x0000000703e00000, 0x0000000703e00000, 0x0000000703f00000|  0%| F|  |TAMS 0x0000000703e00000, 0x0000000703e00000| Untracked 
|  41|0x0000000703f00000, 0x0000000703f00000, 0x0000000704000000|  0%| F|  |TAMS 0x0000000703f00000, 0x0000000703f00000| Untracked 
|  42|0x0000000704000000, 0x0000000704000000, 0x0000000704100000|  0%| F|  |TAMS 0x0000000704000000, 0x0000000704000000| Untracked 
|  43|0x0000000704100000, 0x0000000704100000, 0x0000000704200000|  0%| F|  |TAMS 0x0000000704100000, 0x0000000704100000| Untracked 
|  44|0x0000000704200000, 0x0000000704200000, 0x0000000704300000|  0%| F|  |TAMS 0x0000000704200000, 0x0000000704200000| Untracked 
|  45|0x0000000704300000, 0x0000000704300000, 0x0000000704400000|  0%| F|  |TAMS 0x0000000704300000, 0x0000000704300000| Untracked 
|  46|0x0000000704400000, 0x0000000704400000, 0x0000000704500000|  0%| F|  |TAMS 0x0000000704400000, 0x0000000704400000| Untracked 
|  47|0x0000000704500000, 0x0000000704500000, 0x0000000704600000|  0%| F|  |TAMS 0x0000000704500000, 0x0000000704500000| Untracked 
|  48|0x0000000704600000, 0x0000000704600000, 0x0000000704700000|  0%| F|  |TAMS 0x0000000704600000, 0x0000000704600000| Untracked 
|  49|0x0000000704700000, 0x0000000704700000, 0x0000000704800000|  0%| F|  |TAMS 0x0000000704700000, 0x0000000704700000| Untracked 
|  50|0x0000000704800000, 0x0000000704800000, 0x0000000704900000|  0%| F|  |TAMS 0x0000000704800000, 0x0000000704800000| Untracked 
|  51|0x0000000704900000, 0x0000000704900000, 0x0000000704a00000|  0%| F|  |TAMS 0x0000000704900000, 0x0000000704900000| Untracked 
|  52|0x0000000704a00000, 0x0000000704a00000, 0x0000000704b00000|  0%| F|  |TAMS 0x0000000704a00000, 0x0000000704a00000| Untracked 
|  53|0x0000000704b00000, 0x0000000704b00000, 0x0000000704c00000|  0%| F|  |TAMS 0x0000000704b00000, 0x0000000704b00000| Untracked 
|  54|0x0000000704c00000, 0x0000000704c00000, 0x0000000704d00000|  0%| F|  |TAMS 0x0000000704c00000, 0x0000000704c00000| Untracked 
|  55|0x0000000704d00000, 0x0000000704d00000, 0x0000000704e00000|  0%| F|  |TAMS 0x0000000704d00000, 0x0000000704d00000| Untracked 
|  56|0x0000000704e00000, 0x0000000704e00000, 0x0000000704f00000|  0%| F|  |TAMS 0x0000000704e00000, 0x0000000704e00000| Untracked 
|  57|0x0000000704f00000, 0x0000000704f00000, 0x0000000705000000|  0%| F|  |TAMS 0x0000000704f00000, 0x0000000704f00000| Untracked 
|  58|0x0000000705000000, 0x0000000705000000, 0x0000000705100000|  0%| F|  |TAMS 0x0000000705000000, 0x0000000705000000| Untracked 
|  59|0x0000000705100000, 0x0000000705100000, 0x0000000705200000|  0%| F|  |TAMS 0x0000000705100000, 0x0000000705100000| Untracked 
|  60|0x0000000705200000, 0x0000000705200000, 0x0000000705300000|  0%| F|  |TAMS 0x0000000705200000, 0x0000000705200000| Untracked 
|  61|0x0000000705300000, 0x0000000705300000, 0x0000000705400000|  0%| F|  |TAMS 0x0000000705300000, 0x0000000705300000| Untracked 
|  62|0x0000000705400000, 0x0000000705400000, 0x0000000705500000|  0%| F|  |TAMS 0x0000000705400000, 0x0000000705400000| Untracked 
|  63|0x0000000705500000, 0x0000000705500000, 0x0000000705600000|  0%| F|  |TAMS 0x0000000705500000, 0x0000000705500000| Untracked 
|  64|0x0000000705600000, 0x0000000705600000, 0x0000000705700000|  0%| F|  |TAMS 0x0000000705600000, 0x0000000705600000| Untracked 
|  65|0x0000000705700000, 0x0000000705700000, 0x0000000705800000|  0%| F|  |TAMS 0x0000000705700000, 0x0000000705700000| Untracked 
|  66|0x0000000705800000, 0x0000000705800000, 0x0000000705900000|  0%| F|  |TAMS 0x0000000705800000, 0x0000000705800000| Untracked 
|  67|0x0000000705900000, 0x0000000705900000, 0x0000000705a00000|  0%| F|  |TAMS 0x0000000705900000, 0x0000000705900000| Untracked 
|  68|0x0000000705a00000, 0x0000000705a00000, 0x0000000705b00000|  0%| F|  |TAMS 0x0000000705a00000, 0x0000000705a00000| Untracked 
|  69|0x0000000705b00000, 0x0000000705b00000, 0x0000000705c00000|  0%| F|  |TAMS 0x0000000705b00000, 0x0000000705b00000| Untracked 
|  70|0x0000000705c00000, 0x0000000705c00000, 0x0000000705d00000|  0%| F|  |TAMS 0x0000000705c00000, 0x0000000705c00000| Untracked 
|  71|0x0000000705d00000, 0x0000000705d00000, 0x0000000705e00000|  0%| F|  |TAMS 0x0000000705d00000, 0x0000000705d00000| Untracked 
|  72|0x0000000705e00000, 0x0000000705e00000, 0x0000000705f00000|  0%| F|  |TAMS 0x0000000705e00000, 0x0000000705e00000| Untracked 
|  73|0x0000000705f00000, 0x0000000705f00000, 0x0000000706000000|  0%| F|  |TAMS 0x0000000705f00000, 0x0000000705f00000| Untracked 
|  74|0x0000000706000000, 0x0000000706000000, 0x0000000706100000|  0%| F|  |TAMS 0x0000000706000000, 0x0000000706000000| Untracked 
|  75|0x0000000706100000, 0x0000000706100000, 0x0000000706200000|  0%| F|  |TAMS 0x0000000706100000, 0x0000000706100000| Untracked 
|  76|0x0000000706200000, 0x0000000706200000, 0x0000000706300000|  0%| F|  |TAMS 0x0000000706200000, 0x0000000706200000| Untracked 
|  77|0x0000000706300000, 0x0000000706300000, 0x0000000706400000|  0%| F|  |TAMS 0x0000000706300000, 0x0000000706300000| Untracked 
|  78|0x0000000706400000, 0x0000000706400000, 0x0000000706500000|  0%| F|  |TAMS 0x0000000706400000, 0x0000000706400000| Untracked 
|  79|0x0000000706500000, 0x0000000706500000, 0x0000000706600000|  0%| F|  |TAMS 0x0000000706500000, 0x0000000706500000| Untracked 
|  80|0x0000000706600000, 0x0000000706600000, 0x0000000706700000|  0%| F|  |TAMS 0x0000000706600000, 0x0000000706600000| Untracked 
|  81|0x0000000706700000, 0x0000000706700000, 0x0000000706800000|  0%| F|  |TAMS 0x0000000706700000, 0x0000000706700000| Untracked 
|  82|0x0000000706800000, 0x0000000706800000, 0x0000000706900000|  0%| F|  |TAMS 0x0000000706800000, 0x0000000706800000| Untracked 
|  83|0x0000000706900000, 0x0000000706900000, 0x0000000706a00000|  0%| F|  |TAMS 0x0000000706900000, 0x0000000706900000| Untracked 
|  84|0x0000000706a00000, 0x0000000706a00000, 0x0000000706b00000|  0%| F|  |TAMS 0x0000000706a00000, 0x0000000706a00000| Untracked 
|  85|0x0000000706b00000, 0x0000000706b00000, 0x0000000706c00000|  0%| F|  |TAMS 0x0000000706b00000, 0x0000000706b00000| Untracked 
|  86|0x0000000706c00000, 0x0000000706c00000, 0x0000000706d00000|  0%| F|  |TAMS 0x0000000706c00000, 0x0000000706c00000| Untracked 
|  87|0x0000000706d00000, 0x0000000706d00000, 0x0000000706e00000|  0%| F|  |TAMS 0x0000000706d00000, 0x0000000706d00000| Untracked 
|  88|0x0000000706e00000, 0x0000000706e00000, 0x0000000706f00000|  0%| F|  |TAMS 0x0000000706e00000, 0x0000000706e00000| Untracked 
|  89|0x0000000706f00000, 0x0000000706f00000, 0x0000000707000000|  0%| F|  |TAMS 0x0000000706f00000, 0x0000000706f00000| Untracked 
|  90|0x0000000707000000, 0x0000000707000000, 0x0000000707100000|  0%| F|  |TAMS 0x0000000707000000, 0x0000000707000000| Untracked 
|  91|0x0000000707100000, 0x0000000707100000, 0x0000000707200000|  0%| F|  |TAMS 0x0000000707100000, 0x0000000707100000| Untracked 
|  92|0x0000000707200000, 0x0000000707200000, 0x0000000707300000|  0%| F|  |TAMS 0x0000000707200000, 0x0000000707200000| Untracked 
|  93|0x0000000707300000, 0x0000000707300000, 0x0000000707400000|  0%| F|  |TAMS 0x0000000707300000, 0x0000000707300000| Untracked 
|  94|0x0000000707400000, 0x0000000707400000, 0x0000000707500000|  0%| F|  |TAMS 0x0000000707400000, 0x0000000707400000| Untracked 
|  95|0x0000000707500000, 0x0000000707500000, 0x0000000707600000|  0%| F|  |TAMS 0x0000000707500000, 0x0000000707500000| Untracked 
|  96|0x0000000707600000, 0x0000000707600000, 0x0000000707700000|  0%| F|  |TAMS 0x0000000707600000, 0x0000000707600000| Untracked 
|  97|0x0000000707700000, 0x0000000707700000, 0x0000000707800000|  0%| F|  |TAMS 0x0000000707700000, 0x0000000707700000| Untracked 
|  98|0x0000000707800000, 0x0000000707800000, 0x0000000707900000|  0%| F|  |TAMS 0x0000000707800000, 0x0000000707800000| Untracked 
|  99|0x0000000707900000, 0x0000000707900000, 0x0000000707a00000|  0%| F|  |TAMS 0x0000000707900000, 0x0000000707900000| Untracked 
| 100|0x0000000707a00000, 0x0000000707a00000, 0x0000000707b00000|  0%| F|  |TAMS 0x0000000707a00000, 0x0000000707a00000| Untracked 
| 101|0x0000000707b00000, 0x0000000707b00000, 0x0000000707c00000|  0%| F|  |TAMS 0x0000000707b00000, 0x0000000707b00000| Untracked 
| 102|0x0000000707c00000, 0x0000000707c00000, 0x0000000707d00000|  0%| F|  |TAMS 0x0000000707c00000, 0x0000000707c00000| Untracked 
| 103|0x0000000707d00000, 0x0000000707d00000, 0x0000000707e00000|  0%| F|  |TAMS 0x0000000707d00000, 0x0000000707d00000| Untracked 
| 104|0x0000000707e00000, 0x0000000707e00000, 0x0000000707f00000|  0%| F|  |TAMS 0x0000000707e00000, 0x0000000707e00000| Untracked 
| 105|0x0000000707f00000, 0x0000000707f00000, 0x0000000708000000|  0%| F|  |TAMS 0x0000000707f00000, 0x0000000707f00000| Untracked 
| 106|0x0000000708000000, 0x0000000708000000, 0x0000000708100000|  0%| F|  |TAMS 0x0000000708000000, 0x0000000708000000| Untracked 
| 107|0x0000000708100000, 0x0000000708100000, 0x0000000708200000|  0%| F|  |TAMS 0x0000000708100000, 0x0000000708100000| Untracked 
| 108|0x0000000708200000, 0x0000000708200000, 0x0000000708300000|  0%| F|  |TAMS 0x0000000708200000, 0x0000000708200000| Untracked 
| 109|0x0000000708300000, 0x0000000708300000, 0x0000000708400000|  0%| F|  |TAMS 0x0000000708300000, 0x0000000708300000| Untracked 
| 110|0x0000000708400000, 0x0000000708400000, 0x0000000708500000|  0%| F|  |TAMS 0x0000000708400000, 0x0000000708400000| Untracked 
| 111|0x0000000708500000, 0x0000000708500000, 0x0000000708600000|  0%| F|  |TAMS 0x0000000708500000, 0x0000000708500000| Untracked 
| 112|0x0000000708600000, 0x0000000708600000, 0x0000000708700000|  0%| F|  |TAMS 0x0000000708600000, 0x0000000708600000| Untracked 
| 113|0x0000000708700000, 0x0000000708700000, 0x0000000708800000|  0%| F|  |TAMS 0x0000000708700000, 0x0000000708700000| Untracked 
| 114|0x0000000708800000, 0x0000000708800000, 0x0000000708900000|  0%| F|  |TAMS 0x0000000708800000, 0x0000000708800000| Untracked 
| 115|0x0000000708900000, 0x0000000708900000, 0x0000000708a00000|  0%| F|  |TAMS 0x0000000708900000, 0x0000000708900000| Untracked 
| 116|0x0000000708a00000, 0x0000000708a00000, 0x0000000708b00000|  0%| F|  |TAMS 0x0000000708a00000, 0x0000000708a00000| Untracked 
| 117|0x0000000708b00000, 0x0000000708b00000, 0x0000000708c00000|  0%| F|  |TAMS 0x0000000708b00000, 0x0000000708b00000| Untracked 
| 118|0x0000000708c00000, 0x0000000708c00000, 0x0000000708d00000|  0%| F|  |TAMS 0x0000000708c00000, 0x0000000708c00000| Untracked 
| 119|0x0000000708d00000, 0x0000000708d00000, 0x0000000708e00000|  0%| F|  |TAMS 0x0000000708d00000, 0x0000000708d00000| Untracked 
| 120|0x0000000708e00000, 0x0000000708e00000, 0x0000000708f00000|  0%| F|  |TAMS 0x0000000708e00000, 0x0000000708e00000| Untracked 
| 121|0x0000000708f00000, 0x0000000708f00000, 0x0000000709000000|  0%| F|  |TAMS 0x0000000708f00000, 0x0000000708f00000| Untracked 
| 122|0x0000000709000000, 0x0000000709000000, 0x0000000709100000|  0%| F|  |TAMS 0x0000000709000000, 0x0000000709000000| Untracked 
| 123|0x0000000709100000, 0x0000000709100000, 0x0000000709200000|  0%| F|  |TAMS 0x0000000709100000, 0x0000000709100000| Untracked 
| 124|0x0000000709200000, 0x0000000709200000, 0x0000000709300000|  0%| F|  |TAMS 0x0000000709200000, 0x0000000709200000| Untracked 
| 125|0x0000000709300000, 0x0000000709300000, 0x0000000709400000|  0%| F|  |TAMS 0x0000000709300000, 0x0000000709300000| Untracked 
| 126|0x0000000709400000, 0x0000000709400000, 0x0000000709500000|  0%| F|  |TAMS 0x0000000709400000, 0x0000000709400000| Untracked 
| 127|0x0000000709500000, 0x0000000709500000, 0x0000000709600000|  0%| F|  |TAMS 0x0000000709500000, 0x0000000709500000| Untracked 
| 128|0x0000000709600000, 0x0000000709600000, 0x0000000709700000|  0%| F|  |TAMS 0x0000000709600000, 0x0000000709600000| Untracked 
| 129|0x0000000709700000, 0x0000000709700000, 0x0000000709800000|  0%| F|  |TAMS 0x0000000709700000, 0x0000000709700000| Untracked 
| 130|0x0000000709800000, 0x0000000709800000, 0x0000000709900000|  0%| F|  |TAMS 0x0000000709800000, 0x0000000709800000| Untracked 
| 131|0x0000000709900000, 0x0000000709900000, 0x0000000709a00000|  0%| F|  |TAMS 0x0000000709900000, 0x0000000709900000| Untracked 
| 132|0x0000000709a00000, 0x0000000709a00000, 0x0000000709b00000|  0%| F|  |TAMS 0x0000000709a00000, 0x0000000709a00000| Untracked 
| 133|0x0000000709b00000, 0x0000000709b00000, 0x0000000709c00000|  0%| F|  |TAMS 0x0000000709b00000, 0x0000000709b00000| Untracked 
| 134|0x0000000709c00000, 0x0000000709c00000, 0x0000000709d00000|  0%| F|  |TAMS 0x0000000709c00000, 0x0000000709c00000| Untracked 
| 135|0x0000000709d00000, 0x0000000709d00000, 0x0000000709e00000|  0%| F|  |TAMS 0x0000000709d00000, 0x0000000709d00000| Untracked 
| 136|0x0000000709e00000, 0x0000000709e00000, 0x0000000709f00000|  0%| F|  |TAMS 0x0000000709e00000, 0x0000000709e00000| Untracked 
| 137|0x0000000709f00000, 0x0000000709f00000, 0x000000070a000000|  0%| F|  |TAMS 0x0000000709f00000, 0x0000000709f00000| Untracked 
| 138|0x000000070a000000, 0x000000070a000000, 0x000000070a100000|  0%| F|  |TAMS 0x000000070a000000, 0x000000070a000000| Untracked 
| 139|0x000000070a100000, 0x000000070a100000, 0x000000070a200000|  0%| F|  |TAMS 0x000000070a100000, 0x000000070a100000| Untracked 
| 140|0x000000070a200000, 0x000000070a200000, 0x000000070a300000|  0%| F|  |TAMS 0x000000070a200000, 0x000000070a200000| Untracked 
| 141|0x000000070a300000, 0x000000070a300000, 0x000000070a400000|  0%| F|  |TAMS 0x000000070a300000, 0x000000070a300000| Untracked 
| 142|0x000000070a400000, 0x000000070a400000, 0x000000070a500000|  0%| F|  |TAMS 0x000000070a400000, 0x000000070a400000| Untracked 
| 143|0x000000070a500000, 0x000000070a500000, 0x000000070a600000|  0%| F|  |TAMS 0x000000070a500000, 0x000000070a500000| Untracked 
| 144|0x000000070a600000, 0x000000070a600000, 0x000000070a700000|  0%| F|  |TAMS 0x000000070a600000, 0x000000070a600000| Untracked 
| 145|0x000000070a700000, 0x000000070a700000, 0x000000070a800000|  0%| F|  |TAMS 0x000000070a700000, 0x000000070a700000| Untracked 
| 146|0x000000070a800000, 0x000000070a800000, 0x000000070a900000|  0%| F|  |TAMS 0x000000070a800000, 0x000000070a800000| Untracked 
| 147|0x000000070a900000, 0x000000070a900000, 0x000000070aa00000|  0%| F|  |TAMS 0x000000070a900000, 0x000000070a900000| Untracked 
| 148|0x000000070aa00000, 0x000000070aa00000, 0x000000070ab00000|  0%| F|  |TAMS 0x000000070aa00000, 0x000000070aa00000| Untracked 
| 149|0x000000070ab00000, 0x000000070ab00000, 0x000000070ac00000|  0%| F|  |TAMS 0x000000070ab00000, 0x000000070ab00000| Untracked 
| 150|0x000000070ac00000, 0x000000070ac00000, 0x000000070ad00000|  0%| F|  |TAMS 0x000000070ac00000, 0x000000070ac00000| Untracked 
| 151|0x000000070ad00000, 0x000000070ad00000, 0x000000070ae00000|  0%| F|  |TAMS 0x000000070ad00000, 0x000000070ad00000| Untracked 
| 152|0x000000070ae00000, 0x000000070ae00000, 0x000000070af00000|  0%| F|  |TAMS 0x000000070ae00000, 0x000000070ae00000| Untracked 
| 153|0x000000070af00000, 0x000000070af00000, 0x000000070b000000|  0%| F|  |TAMS 0x000000070af00000, 0x000000070af00000| Untracked 
| 154|0x000000070b000000, 0x000000070b000000, 0x000000070b100000|  0%| F|  |TAMS 0x000000070b000000, 0x000000070b000000| Untracked 
| 155|0x000000070b100000, 0x000000070b100000, 0x000000070b200000|  0%| F|  |TAMS 0x000000070b100000, 0x000000070b100000| Untracked 
| 156|0x000000070b200000, 0x000000070b200000, 0x000000070b300000|  0%| F|  |TAMS 0x000000070b200000, 0x000000070b200000| Untracked 
| 157|0x000000070b300000, 0x000000070b300000, 0x000000070b400000|  0%| F|  |TAMS 0x000000070b300000, 0x000000070b300000| Untracked 
| 158|0x000000070b400000, 0x000000070b400000, 0x000000070b500000|  0%| F|  |TAMS 0x000000070b400000, 0x000000070b400000| Untracked 
| 159|0x000000070b500000, 0x000000070b500000, 0x000000070b600000|  0%| F|  |TAMS 0x000000070b500000, 0x000000070b500000| Untracked 
| 160|0x000000070b600000, 0x000000070b600000, 0x000000070b700000|  0%| F|  |TAMS 0x000000070b600000, 0x000000070b600000| Untracked 
| 161|0x000000070b700000, 0x000000070b700000, 0x000000070b800000|  0%| F|  |TAMS 0x000000070b700000, 0x000000070b700000| Untracked 
| 162|0x000000070b800000, 0x000000070b800000, 0x000000070b900000|  0%| F|  |TAMS 0x000000070b800000, 0x000000070b800000| Untracked 
| 163|0x000000070b900000, 0x000000070b900000, 0x000000070ba00000|  0%| F|  |TAMS 0x000000070b900000, 0x000000070b900000| Untracked 
| 164|0x000000070ba00000, 0x000000070ba00000, 0x000000070bb00000|  0%| F|  |TAMS 0x000000070ba00000, 0x000000070ba00000| Untracked 
| 165|0x000000070bb00000, 0x000000070bb00000, 0x000000070bc00000|  0%| F|  |TAMS 0x000000070bb00000, 0x000000070bb00000| Untracked 
| 166|0x000000070bc00000, 0x000000070bc00000, 0x000000070bd00000|  0%| F|  |TAMS 0x000000070bc00000, 0x000000070bc00000| Untracked 
| 167|0x000000070bd00000, 0x000000070bd00000, 0x000000070be00000|  0%| F|  |TAMS 0x000000070bd00000, 0x000000070bd00000| Untracked 
| 168|0x000000070be00000, 0x000000070be00000, 0x000000070bf00000|  0%| F|  |TAMS 0x000000070be00000, 0x000000070be00000| Untracked 
| 169|0x000000070bf00000, 0x000000070bf00000, 0x000000070c000000|  0%| F|  |TAMS 0x000000070bf00000, 0x000000070bf00000| Untracked 
| 170|0x000000070c000000, 0x000000070c000000, 0x000000070c100000|  0%| F|  |TAMS 0x000000070c000000, 0x000000070c000000| Untracked 
| 171|0x000000070c100000, 0x000000070c100000, 0x000000070c200000|  0%| F|  |TAMS 0x000000070c100000, 0x000000070c100000| Untracked 
| 172|0x000000070c200000, 0x000000070c200000, 0x000000070c300000|  0%| F|  |TAMS 0x000000070c200000, 0x000000070c200000| Untracked 
| 173|0x000000070c300000, 0x000000070c300000, 0x000000070c400000|  0%| F|  |TAMS 0x000000070c300000, 0x000000070c300000| Untracked 
| 174|0x000000070c400000, 0x000000070c400000, 0x000000070c500000|  0%| F|  |TAMS 0x000000070c400000, 0x000000070c400000| Untracked 
| 175|0x000000070c500000, 0x000000070c500000, 0x000000070c600000|  0%| F|  |TAMS 0x000000070c500000, 0x000000070c500000| Untracked 
| 176|0x000000070c600000, 0x000000070c600000, 0x000000070c700000|  0%| F|  |TAMS 0x000000070c600000, 0x000000070c600000| Untracked 
| 177|0x000000070c700000, 0x000000070c700000, 0x000000070c800000|  0%| F|  |TAMS 0x000000070c700000, 0x000000070c700000| Untracked 
| 178|0x000000070c800000, 0x000000070c800000, 0x000000070c900000|  0%| F|  |TAMS 0x000000070c800000, 0x000000070c800000| Untracked 
| 179|0x000000070c900000, 0x000000070c900000, 0x000000070ca00000|  0%| F|  |TAMS 0x000000070c900000, 0x000000070c900000| Untracked 
| 180|0x000000070ca00000, 0x000000070ca00000, 0x000000070cb00000|  0%| F|  |TAMS 0x000000070ca00000, 0x000000070ca00000| Untracked 
| 181|0x000000070cb00000, 0x000000070cb00000, 0x000000070cc00000|  0%| F|  |TAMS 0x000000070cb00000, 0x000000070cb00000| Untracked 
| 182|0x000000070cc00000, 0x000000070cc00000, 0x000000070cd00000|  0%| F|  |TAMS 0x000000070cc00000, 0x000000070cc00000| Untracked 
| 183|0x000000070cd00000, 0x000000070cd00000, 0x000000070ce00000|  0%| F|  |TAMS 0x000000070cd00000, 0x000000070cd00000| Untracked 
| 184|0x000000070ce00000, 0x000000070ce00000, 0x000000070cf00000|  0%| F|  |TAMS 0x000000070ce00000, 0x000000070ce00000| Untracked 
| 185|0x000000070cf00000, 0x000000070cf00000, 0x000000070d000000|  0%| F|  |TAMS 0x000000070cf00000, 0x000000070cf00000| Untracked 
| 186|0x000000070d000000, 0x000000070d000000, 0x000000070d100000|  0%| F|  |TAMS 0x000000070d000000, 0x000000070d000000| Untracked 
| 187|0x000000070d100000, 0x000000070d100000, 0x000000070d200000|  0%| F|  |TAMS 0x000000070d100000, 0x000000070d100000| Untracked 
| 188|0x000000070d200000, 0x000000070d200000, 0x000000070d300000|  0%| F|  |TAMS 0x000000070d200000, 0x000000070d200000| Untracked 
| 189|0x000000070d300000, 0x000000070d300000, 0x000000070d400000|  0%| F|  |TAMS 0x000000070d300000, 0x000000070d300000| Untracked 
| 190|0x000000070d400000, 0x000000070d400000, 0x000000070d500000|  0%| F|  |TAMS 0x000000070d400000, 0x000000070d400000| Untracked 
| 191|0x000000070d500000, 0x000000070d500000, 0x000000070d600000|  0%| F|  |TAMS 0x000000070d500000, 0x000000070d500000| Untracked 
| 192|0x000000070d600000, 0x000000070d600000, 0x000000070d700000|  0%| F|  |TAMS 0x000000070d600000, 0x000000070d600000| Untracked 
| 193|0x000000070d700000, 0x000000070d700000, 0x000000070d800000|  0%| F|  |TAMS 0x000000070d700000, 0x000000070d700000| Untracked 
| 194|0x000000070d800000, 0x000000070d800000, 0x000000070d900000|  0%| F|  |TAMS 0x000000070d800000, 0x000000070d800000| Untracked 
| 195|0x000000070d900000, 0x000000070d900000, 0x000000070da00000|  0%| F|  |TAMS 0x000000070d900000, 0x000000070d900000| Untracked 
| 196|0x000000070da00000, 0x000000070da00000, 0x000000070db00000|  0%| F|  |TAMS 0x000000070da00000, 0x000000070da00000| Untracked 
| 197|0x000000070db00000, 0x000000070db00000, 0x000000070dc00000|  0%| F|  |TAMS 0x000000070db00000, 0x000000070db00000| Untracked 
| 198|0x000000070dc00000, 0x000000070dc00000, 0x000000070dd00000|  0%| F|  |TAMS 0x000000070dc00000, 0x000000070dc00000| Untracked 
| 199|0x000000070dd00000, 0x000000070dd00000, 0x000000070de00000|  0%| F|  |TAMS 0x000000070dd00000, 0x000000070dd00000| Untracked 
| 200|0x000000070de00000, 0x000000070de00000, 0x000000070df00000|  0%| F|  |TAMS 0x000000070de00000, 0x000000070de00000| Untracked 
| 201|0x000000070df00000, 0x000000070df00000, 0x000000070e000000|  0%| F|  |TAMS 0x000000070df00000, 0x000000070df00000| Untracked 
| 202|0x000000070e000000, 0x000000070e000000, 0x000000070e100000|  0%| F|  |TAMS 0x000000070e000000, 0x000000070e000000| Untracked 
| 203|0x000000070e100000, 0x000000070e100000, 0x000000070e200000|  0%| F|  |TAMS 0x000000070e100000, 0x000000070e100000| Untracked 
| 204|0x000000070e200000, 0x000000070e200000, 0x000000070e300000|  0%| F|  |TAMS 0x000000070e200000, 0x000000070e200000| Untracked 
| 205|0x000000070e300000, 0x000000070e300000, 0x000000070e400000|  0%| F|  |TAMS 0x000000070e300000, 0x000000070e300000| Untracked 
| 206|0x000000070e400000, 0x000000070e40b8e0, 0x000000070e500000|  4%| S|  |TAMS 0x000000070e400000, 0x000000070e400000| Complete 
| 207|0x000000070e500000, 0x000000070e600000, 0x000000070e600000|100%| S|  |TAMS 0x000000070e500000, 0x000000070e500000| Complete 
| 208|0x000000070e600000, 0x000000070e700000, 0x000000070e700000|100%| S|  |TAMS 0x000000070e600000, 0x000000070e600000| Complete 
| 209|0x000000070e700000, 0x000000070e800000, 0x000000070e800000|100%| S|  |TAMS 0x000000070e700000, 0x000000070e700000| Complete 
| 210|0x000000070e800000, 0x000000070e900000, 0x000000070e900000|100%| S|  |TAMS 0x000000070e800000, 0x000000070e800000| Complete 
| 211|0x000000070e900000, 0x000000070ea00000, 0x000000070ea00000|100%| S|  |TAMS 0x000000070e900000, 0x000000070e900000| Complete 
| 212|0x000000070ea00000, 0x000000070ea81ee0, 0x000000070eb00000| 50%| E|CS|TAMS 0x000000070ea00000, 0x000000070ea81ee0| Complete 
| 213|0x000000070eb00000, 0x000000070ec00000, 0x000000070ec00000|100%| E|CS|TAMS 0x000000070eb00000, 0x000000070ec00000| Complete 
| 214|0x000000070ec00000, 0x000000070ed00000, 0x000000070ed00000|100%| E|CS|TAMS 0x000000070ec00000, 0x000000070ed00000| Complete 
| 215|0x000000070ed00000, 0x000000070ee00000, 0x000000070ee00000|100%| E|CS|TAMS 0x000000070ed00000, 0x000000070ee00000| Complete 
| 216|0x000000070ee00000, 0x000000070ef00000, 0x000000070ef00000|100%| E|CS|TAMS 0x000000070ee00000, 0x000000070ef00000| Complete 
| 217|0x000000070ef00000, 0x000000070f000000, 0x000000070f000000|100%| E|CS|TAMS 0x000000070ef00000, 0x000000070f000000| Complete 
| 218|0x000000070f000000, 0x000000070f100000, 0x000000070f100000|100%| E|CS|TAMS 0x000000070f000000, 0x000000070f100000| Complete 
| 219|0x000000070f100000, 0x000000070f200000, 0x000000070f200000|100%| E|CS|TAMS 0x000000070f100000, 0x000000070f200000| Complete 
| 220|0x000000070f200000, 0x000000070f300000, 0x000000070f300000|100%| E|CS|TAMS 0x000000070f200000, 0x000000070f300000| Complete 
| 221|0x000000070f300000, 0x000000070f400000, 0x000000070f400000|100%| E|CS|TAMS 0x000000070f300000, 0x000000070f400000| Complete 
| 222|0x000000070f400000, 0x000000070f500000, 0x000000070f500000|100%| E|CS|TAMS 0x000000070f400000, 0x000000070f500000| Complete 
| 223|0x000000070f500000, 0x000000070f600000, 0x000000070f600000|100%| E|CS|TAMS 0x000000070f500000, 0x000000070f600000| Complete 
| 224|0x000000070f600000, 0x000000070f700000, 0x000000070f700000|100%| E|CS|TAMS 0x000000070f600000, 0x000000070f700000| Complete 
| 225|0x000000070f700000, 0x000000070f800000, 0x000000070f800000|100%| E|CS|TAMS 0x000000070f700000, 0x000000070f800000| Complete 
| 226|0x000000070f800000, 0x000000070f900000, 0x000000070f900000|100%| E|CS|TAMS 0x000000070f800000, 0x000000070f900000| Complete 
| 227|0x000000070f900000, 0x000000070fa00000, 0x000000070fa00000|100%| E|CS|TAMS 0x000000070f900000, 0x000000070fa00000| Complete 
| 228|0x000000070fa00000, 0x000000070fb00000, 0x000000070fb00000|100%| E|CS|TAMS 0x000000070fa00000, 0x000000070fb00000| Complete 
| 229|0x000000070fb00000, 0x000000070fc00000, 0x000000070fc00000|100%| E|CS|TAMS 0x000000070fb00000, 0x000000070fc00000| Complete 
| 230|0x000000070fc00000, 0x000000070fd00000, 0x000000070fd00000|100%| E|CS|TAMS 0x000000070fc00000, 0x000000070fd00000| Complete 
| 231|0x000000070fd00000, 0x000000070fe00000, 0x000000070fe00000|100%| E|CS|TAMS 0x000000070fd00000, 0x000000070fe00000| Complete 
| 232|0x000000070fe00000, 0x000000070ff00000, 0x000000070ff00000|100%| E|CS|TAMS 0x000000070fe00000, 0x000000070ff00000| Complete 
| 233|0x000000070ff00000, 0x0000000710000000, 0x0000000710000000|100%| E|CS|TAMS 0x000000070ff00000, 0x0000000710000000| Complete 
| 234|0x0000000710000000, 0x0000000710100000, 0x0000000710100000|100%| E|CS|TAMS 0x0000000710000000, 0x0000000710100000| Complete 
| 235|0x0000000710100000, 0x0000000710200000, 0x0000000710200000|100%| E|CS|TAMS 0x0000000710100000, 0x0000000710200000| Complete 
| 236|0x0000000710200000, 0x0000000710300000, 0x0000000710300000|100%| E|CS|TAMS 0x0000000710200000, 0x0000000710300000| Complete 
| 237|0x0000000710300000, 0x0000000710400000, 0x0000000710400000|100%| E|CS|TAMS 0x0000000710300000, 0x0000000710400000| Complete 
| 238|0x0000000710400000, 0x0000000710500000, 0x0000000710500000|100%| E|CS|TAMS 0x0000000710400000, 0x0000000710500000| Complete 
| 239|0x0000000710500000, 0x0000000710600000, 0x0000000710600000|100%| E|CS|TAMS 0x0000000710500000, 0x0000000710600000| Complete 
| 240|0x0000000710600000, 0x0000000710700000, 0x0000000710700000|100%| E|CS|TAMS 0x0000000710600000, 0x0000000710700000| Complete 
| 241|0x0000000710700000, 0x0000000710800000, 0x0000000710800000|100%| E|CS|TAMS 0x0000000710700000, 0x0000000710800000| Complete 
| 242|0x0000000710800000, 0x0000000710900000, 0x0000000710900000|100%| E|CS|TAMS 0x0000000710800000, 0x0000000710900000| Complete 
| 243|0x0000000710900000, 0x0000000710a00000, 0x0000000710a00000|100%| E|CS|TAMS 0x0000000710900000, 0x0000000710a00000| Complete 
| 244|0x0000000710a00000, 0x0000000710b00000, 0x0000000710b00000|100%| E|CS|TAMS 0x0000000710a00000, 0x0000000710b00000| Complete 
| 245|0x0000000710b00000, 0x0000000710c00000, 0x0000000710c00000|100%| E|CS|TAMS 0x0000000710b00000, 0x0000000710c00000| Complete 
| 246|0x0000000710c00000, 0x0000000710d00000, 0x0000000710d00000|100%| E|CS|TAMS 0x0000000710c00000, 0x0000000710d00000| Complete 
| 247|0x0000000710d00000, 0x0000000710e00000, 0x0000000710e00000|100%| E|CS|TAMS 0x0000000710d00000, 0x0000000710e00000| Complete 
| 248|0x0000000710e00000, 0x0000000710f00000, 0x0000000710f00000|100%| E|CS|TAMS 0x0000000710e00000, 0x0000000710f00000| Complete 
| 249|0x0000000710f00000, 0x0000000711000000, 0x0000000711000000|100%| E|CS|TAMS 0x0000000710f00000, 0x0000000711000000| Complete 
| 250|0x0000000711000000, 0x0000000711100000, 0x0000000711100000|100%| E|CS|TAMS 0x0000000711000000, 0x0000000711100000| Complete 
| 251|0x0000000711100000, 0x0000000711200000, 0x0000000711200000|100%| E|CS|TAMS 0x0000000711100000, 0x0000000711200000| Complete 
| 252|0x0000000711200000, 0x0000000711300000, 0x0000000711300000|100%| E|CS|TAMS 0x0000000711200000, 0x0000000711300000| Complete 
| 253|0x0000000711300000, 0x0000000711400000, 0x0000000711400000|100%| E|CS|TAMS 0x0000000711300000, 0x0000000711400000| Complete 
| 254|0x0000000711400000, 0x0000000711500000, 0x0000000711500000|100%| E|CS|TAMS 0x0000000711400000, 0x0000000711500000| Complete 
| 255|0x0000000711500000, 0x0000000711600000, 0x0000000711600000|100%| E|CS|TAMS 0x0000000711500000, 0x0000000711600000| Complete 

Card table byte_map: [0x00000269fa330000,0x00000269fab30000] _byte_map_base: 0x00000269f6b25000

Marking Bits (Prev, Next): (CMBitMap*) 0x00000269e23e5278, (CMBitMap*) 0x00000269e23e52b0
 Prev Bits: [0x00000269fb330000, 0x00000269ff2d8000)
 Next Bits: [0x0000026980000000, 0x0000026983fa8000)

Polling page: 0x00000269e0320000

Metaspace:

Usage:
  Non-class:     18.33 MB capacity,    18.09 MB ( 99%) used,   186.01 KB ( <1%) free+waste,    56.94 KB ( <1%) overhead. 
      Class:      2.35 MB capacity,     2.16 MB ( 92%) used,   171.77 KB (  7%) free+waste,    27.19 KB (  1%) overhead. 
       Both:     20.68 MB capacity,    20.25 MB ( 98%) used,   357.78 KB (  2%) free+waste,    84.13 KB ( <1%) overhead. 

Virtual space:
  Non-class space:       20.00 MB reserved,      18.42 MB ( 92%) committed 
      Class space:        1.00 GB reserved,       2.38 MB ( <1%) committed 
             Both:        1.02 GB reserved,      20.80 MB (  2%) committed 

Chunk freelists:
   Non-Class:  6.13 KB
       Class:  0 bytes
        Both:  6.13 KB

CodeHeap 'non-profiled nmethods': size=120000Kb used=565Kb max_used=565Kb free=119434Kb
 bounds [0x00000269f22d0000, 0x00000269f2540000, 0x00000269f9800000]
CodeHeap 'profiled nmethods': size=120000Kb used=3222Kb max_used=3222Kb free=116777Kb
 bounds [0x00000269eada0000, 0x00000269eb0d0000, 0x00000269f22d0000]
CodeHeap 'non-nmethods': size=5760Kb used=1199Kb max_used=1216Kb free=4560Kb
 bounds [0x00000269ea800000, 0x00000269eaa70000, 0x00000269eada0000]
 total_blobs=2001 nmethods=1587 adapters=333
 compilation: enabled
              stopped_count=0, restarted_count=0
 full_count=0

Compilation events (10 events):
Event: 1.575 Thread 0x000002698689b000 nmethod 1705 0x00000269eb0c7390 code [0x00000269eb0c7540, 0x00000269eb0c7758]
Event: 1.575 Thread 0x000002698689b000 1707       1       org.springframework.core.annotation.AnnotationTypeMapping::getAttributes (5 bytes)
Event: 1.575 Thread 0x000002698689b000 nmethod 1707 0x00000269f235d610 code [0x00000269f235d7a0, 0x00000269f235d8b8]
Event: 1.577 Thread 0x000002698689b000 1708       1       org.springframework.core.annotation.AnnotationTypeMapping::getAnnotationType (5 bytes)
Event: 1.577 Thread 0x000002698689b000 nmethod 1708 0x00000269f235d910 code [0x00000269f235daa0, 0x00000269f235dbb8]
Event: 1.577 Thread 0x000002698689b000 1710       1       org.springframework.core.annotation.AnnotationTypeMapping$MirrorSets::access$400 (5 bytes)
Event: 1.577 Thread 0x000002698689b000 nmethod 1710 0x00000269f235dc10 code [0x00000269f235dda0, 0x00000269f235de98]
Event: 1.577 Thread 0x000002698689b000 1711       3       java.util.concurrent.locks.ReentrantLock$NonfairSync::tryAcquire (6 bytes)
Event: 1.578 Thread 0x000002698689b000 nmethod 1711 0x00000269eb0c7810 code [0x00000269eb0c79c0, 0x00000269eb0c7b70]
Event: 1.578 Thread 0x000002698689b000 1712       3       java.util.concurrent.locks.ReentrantLock$Sync::nonfairTryAcquire (67 bytes)

GC Heap History (3 events):
Event: 0.838 GC heap before
{Heap before GC invocations=0 (full 0):
 garbage-first heap   total 262144K, used 23552K [0x0000000701600000, 0x0000000800000000)
  region size 1024K, 24 young (24576K), 0 survivors (0K)
 Metaspace       used 11498K, capacity 11747K, committed 12032K, reserved 1060864K
  class space    used 1118K, capacity 1214K, committed 1280K, reserved 1048576K
}
Event: 0.842 GC heap after
{Heap after GC invocations=1 (full 0):
 garbage-first heap   total 262144K, used 5168K [0x0000000701600000, 0x0000000800000000)
  region size 1024K, 3 young (3072K), 3 survivors (3072K)
 Metaspace       used 11498K, capacity 11747K, committed 12032K, reserved 1060864K
  class space    used 1118K, capacity 1214K, committed 1280K, reserved 1048576K
}
Event: 1.579 GC heap before
{Heap before GC invocations=1 (full 0):
 garbage-first heap   total 262144K, used 46128K [0x0000000701600000, 0x0000000800000000)
  region size 1024K, 44 young (45056K), 3 survivors (3072K)
 Metaspace       used 20734K, capacity 21176K, committed 21296K, reserved 1069056K
  class space    used 2210K, capacity 2409K, committed 2432K, reserved 1048576K
}

Deoptimization events (10 events):
Event: 1.173 Thread 0x00000269e2383000 Uncommon trap: reason=class_check action=maybe_recompile pc=0x00000269f23225cc method=java.util.HashMap.putVal(ILjava/lang/Object;Ljava/lang/Object;ZZ)Ljava/lang/Object; @ 91 c2
Event: 1.195 Thread 0x00000269e2383000 Uncommon trap: reason=unstable_if action=reinterpret pc=0x00000269f22f970c method=java.lang.String.startsWith(Ljava/lang/String;I)Z @ 1 c2
Event: 1.271 Thread 0x00000269ffe6d800 Uncommon trap: reason=unstable_if action=reinterpret pc=0x00000269f2337344 method=java.util.concurrent.ConcurrentHashMap.putVal(Ljava/lang/Object;Ljava/lang/Object;Z)Ljava/lang/Object; @ 148 c2
Event: 1.474 Thread 0x00000269e2383000 Uncommon trap: reason=bimorphic_or_optimized_type_check action=maybe_recompile pc=0x00000269f23467ac method=java.util.HashMap.putVal(ILjava/lang/Object;Ljava/lang/Object;ZZ)Ljava/lang/Object; @ 91 c2
Event: 1.474 Thread 0x00000269e2383000 Uncommon trap: reason=bimorphic_or_optimized_type_check action=maybe_recompile pc=0x00000269f23467ac method=java.util.HashMap.putVal(ILjava/lang/Object;Ljava/lang/Object;ZZ)Ljava/lang/Object; @ 91 c2
Event: 1.474 Thread 0x00000269e2383000 Uncommon trap: reason=bimorphic_or_optimized_type_check action=maybe_recompile pc=0x00000269f23467ac method=java.util.HashMap.putVal(ILjava/lang/Object;Ljava/lang/Object;ZZ)Ljava/lang/Object; @ 91 c2
Event: 1.474 Thread 0x00000269e2383000 Uncommon trap: reason=bimorphic_or_optimized_type_check action=maybe_recompile pc=0x00000269f23467ac method=java.util.HashMap.putVal(ILjava/lang/Object;Ljava/lang/Object;ZZ)Ljava/lang/Object; @ 91 c2
Event: 1.483 Thread 0x00000269e2383000 Uncommon trap: reason=unstable_if action=reinterpret pc=0x00000269f23566b8 method=org.springframework.util.ConcurrentReferenceHashMap$Segment.restructureIfNecessary(Z)V @ 21 c2
Event: 1.503 Thread 0x00000269e2383000 Uncommon trap: reason=unstable_if action=reinterpret pc=0x00000269f231191c method=java.util.HashMap.hash(Ljava/lang/Object;)I @ 1 c2
Event: 1.527 Thread 0x00000269e2383000 Uncommon trap: reason=unstable_if action=reinterpret pc=0x00000269f2349274 method=java.util.HashMap.getNode(ILjava/lang/Object;)Ljava/util/HashMap$Node; @ 129 c2

Classes redefined (0 events):
No events

Internal exceptions (10 events):
Event: 1.326 Thread 0x00000269e2383000 Exception <a 'java/lang/NoSuchMethodError'{0x000000071049f320}: java.lang.invoke.DirectMethodHandle$Holder.invokeVirtual(Ljava/lang/Object;Ljava/lang/Object;Ljava/lang/Object;Ljava/lang/Object;)V> (0x000000071049f320) thrown at [./open/src/hotspot/share/i
Event: 1.360 Thread 0x00000269e2383000 Exception <a 'java/lang/NoSuchMethodError'{0x000000071022bda0}: java.lang.invoke.DirectMethodHandle$Holder.invokeSpecial(Ljava/lang/Object;Ljava/lang/Object;Ljava/lang/Object;Ljava/lang/Object;Ljava/lang/Object;)V> (0x000000071022bda0) thrown at [./open/s
Event: 1.370 Thread 0x00000269868a6000 Exception <a 'java/lang/NoClassDefFoundError'{0x000000071029aa48}: javax/validation/Validation> (0x000000071029aa48) thrown at [./open/src/hotspot/share/classfile/systemDictionary.cpp, line 217]
Event: 1.407 Thread 0x00000269e2383000 Exception <a 'java/lang/NoSuchMethodError'{0x000000070ffde208}: java.lang.invoke.DirectMethodHandle$Holder.invokeSpecialIFC(Ljava/lang/Object;Ljava/lang/Object;I)I> (0x000000070ffde208) thrown at [./open/src/hotspot/share/interpreter/linkResolver.cpp, lin
Event: 1.410 Thread 0x00000269868a6000 Exception <a 'java/lang/NoSuchMethodError'{0x000000070fe37e48}: java.lang.invoke.DirectMethodHandle$Holder.invokeStaticInit(Ljava/lang/Object;Ljava/lang/Object;Ljava/lang/Object;Ljava/lang/Object;Ljava/lang/Object;)Ljava/lang/Object;> (0x000000070fe37e48)
Event: 1.421 Thread 0x00000269868a6000 Exception <a 'java/lang/NoSuchMethodError'{0x000000070facae38}: java.lang.invoke.DirectMethodHandle$Holder.invokeSpecial(Ljava/lang/Object;Ljava/lang/Object;IILjava/lang/Object;Ljava/lang/Object;Ljava/lang/Object;)Ljava/lang/Object;> (0x000000070facae38) 
Event: 1.422 Thread 0x00000269868a6000 Exception <a 'java/lang/NoSuchMethodError'{0x000000070face3c0}: java.lang.invoke.DelegatingMethodHandle$Holder.reinvoke_L(Ljava/lang/Object;IILjava/lang/Object;Ljava/lang/Object;Ljava/lang/Object;)Ljava/lang/Object;> (0x000000070face3c0) thrown at [./open
Event: 1.422 Thread 0x00000269868a6000 Exception <a 'java/lang/NoSuchMethodError'{0x000000070fad2d98}: java.lang.invoke.DirectMethodHandle$Holder.invokeStatic(Ljava/lang/Object;Ljava/lang/Object;Ljava/lang/Object;Ljava/lang/Object;I)Ljava/lang/Object;> (0x000000070fad2d98) thrown at [./open/sr
Event: 1.501 Thread 0x00000269e2383000 Exception <a 'java/lang/NoSuchMethodError'{0x000000070f2d9880}: org.slf4j.impl.StaticMDCBinder.getSingleton()Lorg/slf4j/impl/StaticMDCBinder;> (0x000000070f2d9880) thrown at [./open/src/hotspot/share/interpreter/linkResolver.cpp, line 772]
Event: 1.503 Thread 0x00000269e2383000 Implicit null exception at 0x00000269f2311654 to 0x00000269f231190a

Events (10 events):
Event: 1.577 loading class com/fasterxml/jackson/annotation/JsonAutoDetect$Visibility
Event: 1.577 loading class com/fasterxml/jackson/annotation/JsonAutoDetect$Visibility done
Event: 1.577 loading class com/fasterxml/jackson/databind/cfg/CoercionConfigs
Event: 1.577 loading class com/fasterxml/jackson/databind/cfg/CoercionConfigs done
Event: 1.577 loading class org/springframework/core/annotation/MergedAnnotation
Event: 1.577 loading class org/springframework/core/annotation/MergedAnnotation done
Event: 1.578 loading class com/fasterxml/jackson/databind/type/LogicalType
Event: 1.578 loading class com/fasterxml/jackson/databind/type/LogicalType done
Event: 1.578 loading class java/beans/Introspector
Event: 1.578 Executing VM operation: CollectForMetadataAllocation


Dynamic libraries:
0x00007ff634f40000 - 0x00007ff634f4f000 	C:\Program Files\Java\jdk-11.0.9\bin\java.exe
0x00007ffc5d920000 - 0x00007ffc5db29000 	C:\WINDOWS\SYSTEM32\ntdll.dll
0x00007ffc5d3b0000 - 0x00007ffc5d46d000 	C:\WINDOWS\System32\KERNEL32.DLL
0x00007ffc5ae70000 - 0x00007ffc5b1e9000 	C:\WINDOWS\System32\KERNELBASE.dll
0x00007ffc5b1f0000 - 0x00007ffc5b301000 	C:\WINDOWS\System32\ucrtbase.dll
0x00007ffc56210000 - 0x00007ffc56225000 	C:\Program Files\Java\jdk-11.0.9\bin\VCRUNTIME140.dll
0x00007ffc459c0000 - 0x00007ffc459d8000 	C:\Program Files\Java\jdk-11.0.9\bin\jli.dll
0x00007ffc5c6f0000 - 0x00007ffc5c79e000 	C:\WINDOWS\System32\ADVAPI32.dll
0x00007ffc5d660000 - 0x00007ffc5d703000 	C:\WINDOWS\System32\msvcrt.dll
0x00007ffc5ca20000 - 0x00007ffc5cabe000 	C:\WINDOWS\System32\sechost.dll
0x00007ffc5ce60000 - 0x00007ffc5cf80000 	C:\WINDOWS\System32\RPCRT4.dll
0x00007ffc5cac0000 - 0x00007ffc5cc6c000 	C:\WINDOWS\System32\USER32.dll
0x00007ffc37740000 - 0x00007ffc379e5000 	C:\WINDOWS\WinSxS\amd64_microsoft.windows.common-controls_6595b64144ccf1df_6.0.22000.120_none_9d947278b86cc467\COMCTL32.dll
0x00007ffc5b3b0000 - 0x00007ffc5b3d6000 	C:\WINDOWS\System32\win32u.dll
0x00007ffc5cf90000 - 0x00007ffc5cfb9000 	C:\WINDOWS\System32\GDI32.dll
0x00007ffc5b3e0000 - 0x00007ffc5b4f2000 	C:\WINDOWS\System32\gdi32full.dll
0x00007ffc5b310000 - 0x00007ffc5b3ad000 	C:\WINDOWS\System32\msvcp_win.dll
0x00007ffc53d60000 - 0x00007ffc53d6a000 	C:\WINDOWS\SYSTEM32\VERSION.dll
0x00007ffc5d560000 - 0x00007ffc5d591000 	C:\WINDOWS\System32\IMM32.DLL
0x00007ffc23fa0000 - 0x00007ffc2403b000 	C:\Program Files\Java\jdk-11.0.9\bin\msvcp140.dll
0x00007ffc1c1d0000 - 0x00007ffc1ccc7000 	C:\Program Files\Java\jdk-11.0.9\bin\server\jvm.dll
0x00007ffc5cf80000 - 0x00007ffc5cf88000 	C:\WINDOWS\System32\PSAPI.DLL
0x00007ffc57340000 - 0x00007ffc57349000 	C:\WINDOWS\SYSTEM32\WSOCK32.dll
0x00007ffc54bf0000 - 0x00007ffc54c23000 	C:\WINDOWS\SYSTEM32\WINMM.dll
0x00007ffc5c800000 - 0x00007ffc5c86f000 	C:\WINDOWS\System32\WS2_32.dll
0x00007ffc59ff0000 - 0x00007ffc5a008000 	C:\WINDOWS\SYSTEM32\kernel.appcore.dll
0x00007ffc57420000 - 0x00007ffc57430000 	C:\Program Files\Java\jdk-11.0.9\bin\verify.dll
0x00007ffc58bc0000 - 0x00007ffc58de1000 	C:\WINDOWS\SYSTEM32\DBGHELP.DLL
0x00007ffc3e7c0000 - 0x00007ffc3e7f1000 	C:\WINDOWS\SYSTEM32\dbgcore.DLL
0x00007ffc5b5c0000 - 0x00007ffc5b63f000 	C:\WINDOWS\System32\bcryptPrimitives.dll
0x00007ffc40b10000 - 0x00007ffc40b38000 	C:\Program Files\Java\jdk-11.0.9\bin\java.dll
0x00007ffc56c40000 - 0x00007ffc56c4a000 	C:\Program Files\Java\jdk-11.0.9\bin\jimage.dll
0x00007ffc1da00000 - 0x00007ffc1da38000 	C:\Program Files\Java\jdk-11.0.9\bin\jdwp.dll
0x00007ffc3fe80000 - 0x00007ffc3fe8e000 	C:\Program Files\Java\jdk-11.0.9\bin\instrument.dll
0x00007ffc40d70000 - 0x00007ffc40d86000 	C:\Program Files\Java\jdk-11.0.9\bin\zip.dll
0x00007ffc5bf30000 - 0x00007ffc5c6e8000 	C:\WINDOWS\System32\SHELL32.dll
0x00007ffc58f80000 - 0x00007ffc597e7000 	C:\WINDOWS\SYSTEM32\windows.storage.dll
0x00007ffc5cfc0000 - 0x00007ffc5d339000 	C:\WINDOWS\System32\combase.dll
0x00007ffc58e10000 - 0x00007ffc58f76000 	C:\WINDOWS\SYSTEM32\wintypes.dll
0x00007ffc5d710000 - 0x00007ffc5d7fa000 	C:\WINDOWS\System32\SHCORE.dll
0x00007ffc5c7a0000 - 0x00007ffc5c7fd000 	C:\WINDOWS\System32\shlwapi.dll
0x00007ffc5ad30000 - 0x00007ffc5ad51000 	C:\WINDOWS\SYSTEM32\profapi.dll
0x00007ffc3b0e0000 - 0x00007ffc3b0ea000 	C:\Program Files\Java\jdk-11.0.9\bin\dt_socket.dll
0x00007ffc5a420000 - 0x00007ffc5a487000 	C:\WINDOWS\system32\mswsock.dll
0x00007ffc3b110000 - 0x00007ffc3b129000 	C:\Program Files\Java\jdk-11.0.9\bin\net.dll
0x00007ffc548e0000 - 0x00007ffc549ec000 	C:\WINDOWS\SYSTEM32\WINHTTP.dll
0x00007ffc3b0f0000 - 0x00007ffc3b102000 	C:\Program Files\Java\jdk-11.0.9\bin\nio.dll
0x00007ffc441d0000 - 0x00007ffc441d9000 	C:\Program Files\Java\jdk-11.0.9\bin\management.dll
0x00007ffc432e0000 - 0x00007ffc432eb000 	C:\Program Files\Java\jdk-11.0.9\bin\management_ext.dll
0x00007ffc36c00000 - 0x00007ffc36c17000 	C:\WINDOWS\system32\napinsp.dll
0x00007ffc36be0000 - 0x00007ffc36bfb000 	C:\WINDOWS\system32\pnrpnsp.dll
0x00007ffc59b90000 - 0x00007ffc59c78000 	C:\WINDOWS\SYSTEM32\DNSAPI.dll
0x00007ffc59b20000 - 0x00007ffc59b4d000 	C:\WINDOWS\SYSTEM32\IPHLPAPI.DLL
0x00007ffc5ca10000 - 0x00007ffc5ca19000 	C:\WINDOWS\System32\NSI.dll
0x00007ffc354c0000 - 0x00007ffc354d2000 	C:\WINDOWS\System32\winrnr.dll
0x00007ffc53910000 - 0x00007ffc53925000 	C:\WINDOWS\system32\wshbth.dll
0x00007ffc354a0000 - 0x00007ffc354bf000 	C:\WINDOWS\system32\nlansp_c.dll
0x00007ffc44030000 - 0x00007ffc4403a000 	C:\Windows\System32\rasadhlp.dll
0x00007ffc52eb0000 - 0x00007ffc52f31000 	C:\WINDOWS\System32\fwpuclnt.dll

dbghelp: loaded successfully - version: 4.0.5 - missing functions: none
symbol engine: initialized successfully - sym options: 0x614 - pdb path: .;C:\Program Files\Java\jdk-11.0.9\bin;C:\WINDOWS\SYSTEM32;C:\WINDOWS\WinSxS\amd64_microsoft.windows.common-controls_6595b64144ccf1df_6.0.22000.120_none_9d947278b86cc467;C:\Program Files\Java\jdk-11.0.9\bin\server

VM Arguments:
jvm_args: -agentlib:jdwp=transport=dt_socket,address=127.0.0.1:63549,suspend=y,server=n -javaagent:C:\Users\HP\AppData\Local\JetBrains\IdeaIC2022.1\captureAgent\debugger-agent.jar -Dfile.encoding=UTF-8 
java_command: com.baanBaini.BaanBaini.BaanBainiApplication
java_class_path (initial): D:\Java\Baan Baini 2.0\BaanBaini\BaanBaini\target\classes;C:\Users\HP\.m2\repository\org\springframework\boot\spring-boot-starter-data-mongodb\2.7.1\spring-boot-starter-data-mongodb-2.7.1.jar;C:\Users\HP\.m2\repository\org\springframework\boot\spring-boot-starter\2.7.1\spring-boot-starter-2.7.1.jar;C:\Users\HP\.m2\repository\org\springframework\boot\spring-boot\2.7.1\spring-boot-2.7.1.jar;C:\Users\HP\.m2\repository\org\springframework\boot\spring-boot-autoconfigure\2.7.1\spring-boot-autoconfigure-2.7.1.jar;C:\Users\HP\.m2\repository\org\springframework\boot\spring-boot-starter-logging\2.7.1\spring-boot-starter-logging-2.7.1.jar;C:\Users\HP\.m2\repository\ch\qos\logback\logback-classic\1.2.11\logback-classic-1.2.11.jar;C:\Users\HP\.m2\repository\ch\qos\logback\logback-core\1.2.11\logback-core-1.2.11.jar;C:\Users\HP\.m2\repository\org\apache\logging\log4j\log4j-to-slf4j\2.17.2\log4j-to-slf4j-2.17.2.jar;C:\Users\HP\.m2\repository\org\apache\logging\log4j\log4j-api\2.17.2\log4j-api-2.17.2.jar;C:\Users\HP\.m2\repository\org\slf4j\jul-to-slf4j\1.7.36\jul-to-slf4j-1.7.36.jar;C:\Users\HP\.m2\repository\jakarta\annotation\jakarta.annotation-api\1.3.5\jakarta.annotation-api-1.3.5.jar;C:\Users\HP\.m2\repository\org\yaml\snakeyaml\1.30\snakeyaml-1.30.jar;C:\Users\HP\.m2\repository\org\mongodb\mongodb-driver-sync\4.6.1\mongodb-driver-sync-4.6.1.jar;C:\Users\HP\.m2\repository\org\mongodb\bson\4.6.1\bson-4.6.1.jar;C:\Users\HP\.m2\repository\org\mongodb\mongodb-driver-core\4.6.1\mongodb-driver-core-4.6.1.jar;C:\Users\HP\.m2\repository\org\mongodb\bson-record-codec\4.6.1\bson-record-codec-4.6.1.jar;C:\Users\HP\.m2\repository\org\springframework\data\spring-data-mongodb\3.4.1\spring-data-mongodb-3.4.1.jar;C:\Users\HP\.m2\repository\org\springframework\spring-tx\5.3.21\spring-tx-5.3.21.jar;C:\Users\HP\.m2\repository\org\springframework\spring-context\5.3.21\spring-context-5.3.21.jar;C:\Users\HP\.m2\repository\org\springframework\spring-beans\5.3.21\spring-
Launcher Type: SUN_STANDARD

[Global flags]
     intx CICompilerCount                          = 4                                         {product} {ergonomic}
     uint ConcGCThreads                            = 2                                         {product} {ergonomic}
     uint G1ConcRefinementThreads                  = 8                                         {product} {ergonomic}
   size_t G1HeapRegionSize                         = 1048576                                   {product} {ergonomic}
    uintx GCDrainStackTargetSize                   = 64                                        {product} {ergonomic}
   size_t InitialHeapSize                          = 268435456                                 {product} {ergonomic}
   size_t MarkStackSize                            = 4194304                                   {product} {ergonomic}
   size_t MaxHeapSize                              = 4271898624                                {product} {ergonomic}
   size_t MaxNewSize                               = 2562719744                                {product} {ergonomic}
   size_t MinHeapDeltaBytes                        = 1048576                                   {product} {ergonomic}
    uintx NonNMethodCodeHeapSize                   = 5836300                                {pd product} {ergonomic}
    uintx NonProfiledCodeHeapSize                  = 122910970                              {pd product} {ergonomic}
    uintx ProfiledCodeHeapSize                     = 122910970                              {pd product} {ergonomic}
    uintx ReservedCodeCacheSize                    = 251658240                              {pd product} {ergonomic}
     bool SegmentedCodeCache                       = true                                      {product} {ergonomic}
     bool UseCompressedClassPointers               = true                                 {lp64_product} {ergonomic}
     bool UseCompressedOops                        = true                                 {lp64_product} {ergonomic}
     bool UseG1GC                                  = true                                      {product} {ergonomic}
     bool UseLargePagesIndividualAllocation        = false                                  {pd product} {ergonomic}

Logging:
Log output configuration:
 #0: stdout all=warning uptime,level,tags
 #1: stderr all=off uptime,level,tags

Environment Variables:
JAVA_HOME=C:\Program Files\Java\jdk-11.0.9\
CLASSPATH=C:\Program Files\Java\jre1.8.0_271\lib
PATH=C:\Program Files\Common Files\Oracle\Java\javapath;C:\WINDOWS\system32;C:\WINDOWS;C:\WINDOWS\System32\Wbem;C:\WINDOWS\System32\WindowsPowerShell\v1.0\;C:\WINDOWS\System32\OpenSSH\;C:\Program Files\nodejs\;C:\Program Files (x86)\Intel\Intel(R) Management Engine Components\DAL;C:\Program Files\Intel\Intel(R) Management Engine Components\DAL;C:\Program Files\MySQL\MySQL Server 8.0\bin;C:\Program Files\Git\cmd;C:\MineJava\Java IDE and setups\apache-maven-3.6.3\bin;C:\Program Files\NVIDIA Corporation\NVIDIA NvDLISR;C:\Program Files\Java\jdk-11.0.9\bin;C:\WINDOWS\system32;C:\WINDOWS;C:\WINDOWS\System32\Wbem;C:\WINDOWS\System32\WindowsPowerShell\v1.0\;C:\WINDOWS\System32\OpenSSH\;C:\Program Files\Microsoft VS Code\bin;C:\Program Files\Amazon\AWSCLI\bin\;C:\Program Files\Amazon\AWSCLI\bin\aws.exe;C:\Program Files\MongoDB\Server\5.0\bin;C:\Program Files\MySQL\MySQL Shell 8.0\bin\;C:\Users\HP\AppData\Local\Microsoft\WindowsApps;C:\Users\HP\AppData\Roaming\npm;C:\Users\HP\AppData\Local\Microsoft\WindowsApps;C:\Users\HP\AppData\Local\GitHubDesktop\bin
USERNAME=HP
OS=Windows_NT
PROCESSOR_IDENTIFIER=Intel64 Family 6 Model 142 Stepping 10, GenuineIntel



---------------  S Y S T E M  ---------------

OS: Windows 10 , 64 bit Build 22000 (10.0.22000.708)

CPU:total 8 (initial active 8) (4 cores per cpu, 2 threads per core) family 6 model 142 stepping 10, cmov, cx8, fxsr, mmx, sse, sse2, sse3, ssse3, sse4.1, sse4.2, popcnt, avx, avx2, aes, clmul, erms, 3dnowpref, lzcnt, ht, tsc, tscinvbit, bmi1, bmi2, adx, fma

Memory: 4k page, system-wide physical 16295M (6158M free)
TotalPageFile size 18727M (AvailPageFile size 5313M)
current process WorkingSet (physical memory assigned to process): 133M, peak: 133M
current process commit charge ("private bytes"): 379M, peak: 379M

vm_info: Java HotSpot(TM) 64-Bit Server VM (11.0.9+7-LTS) for windows-amd64 JRE (11.0.9+7-LTS), built on Sep 15 2020 16:47:03 by "mach5one" with MS VC++ 15.9 (VS2017)

END.
